<?xml version="1.0" encoding="UTF-8"?><testsuite name="nosetests" tests="13" errors="0" failures="0" skip="0"><testcase classname="tests.tasks.test_models.TaskTest" name="test_duration_tasks_without_subtasks" time="0.003"></testcase><testcase classname="tests.tasks.test_models.TaskTest" name="test_get_tasks_with_statuses_scheduled" time="0.034"></testcase><testcase classname="tests.tasks.test_models.TaskTest" name="test_parent_status_same_as_all_subtask_status" time="0.022"></testcase><testcase classname="tests.tasks.test_models.TaskTest" name="test_save_start_and_end_date_of_tasks_with_subtasks" time="0.006"></testcase><testcase classname="tests.tasks.test_models.TaskTest" name="test_status_Idle" time="0.021"></testcase><testcase classname="tests.tasks.test_models.TaskTest" name="test_status_multi_runs" time="0.028"></testcase><testcase classname="tests.tasks.test_serializers.TaskSeriaizerTest" name="test_serialized_username_priority" time="0.006"></testcase><testcase classname="tests.tasks.test_views.TasksDetailsListViewTest" name="test_get_page_not_found_404" time="0.327"></testcase><testcase classname="tests.tasks.test_views.TasksDetailsListViewTest" name="test_get_task_details_content_200" time="0.008"></testcase><testcase classname="tests.tasks.test_views.TasksDetailsListViewTest" name="test_get_task_details_json_200" time="0.004"></testcase><testcase classname="tests.tasks.test_views.TasksDetailsListViewTest" name="test_get_task_not_found_404" time="0.003"></testcase><testcase classname="tests.tasks.test_views.TasksListViewTest" name="test_get_all_tasks_html_200" time="0.136"></testcase><testcase classname="tests.tasks.test_views.TasksListViewTest" name="test_get_index_html_200" time="0.032"></testcase></testsuite>